# JRE version: OpenJDK Runtime Environment (8.0_202-b03) (build 1.8.0_202-release-1483-b03)
# Java VM: OpenJDK 64-Bit Server VM (25.202-b03 mixed mode windows-amd64 compressed oops)
Heap:
 PSYoungGen      total 183808K, used 158361K [0x00000000e0000000, 0x00000000efe00000, 0x0000000100000000)
  eden space 163328K, 96% used [0x00000000e0000000,0x00000000e9aa6630,0x00000000e9f80000)
  from space 20480K, 0% used [0x00000000e9f80000,0x00000000e9f80000,0x00000000eb380000)
  to   space 36352K, 0% used [0x00000000eda80000,0x00000000eda80000,0x00000000efe00000)
 ParOldGen       total 214016K, used 102174K [0x00000000a0000000, 0x00000000ad100000, 0x00000000e0000000)
  object space 214016K, 47% used [0x00000000a0000000,0x00000000a63c7b80,0x00000000ad100000)
 Metaspace       used 73052K, capacity 75860K, committed 75904K, reserved 1114112K
  class space    used 9744K, capacity 10356K, committed 10368K, reserved 1048576K
GC Heap History (10 events):
Event: 269.276 GC heap before
{Heap before GC invocations=21 (full 3):
 PSYoungGen      total 149504K, used 149483K [0x00000000e0000000, 0x00000000eb600000, 0x0000000100000000)
  eden space 134144K, 100% used [0x00000000e0000000,0x00000000e8300000,0x00000000e8300000)
  from space 15360K, 99% used [0x00000000e8300000,0x00000000e91fac10,0x00000000e9200000)
  to   space 19456K, 0% used [0x00000000ea300000,0x00000000ea300000,0x00000000eb600000)
 ParOldGen       total 108032K, used 41651K [0x00000000a0000000, 0x00000000a6980000, 0x00000000e0000000)
  object space 108032K, 38% used [0x00000000a0000000,0x00000000a28acc10,0x00000000a6980000)
 Metaspace       used 63487K, capacity 65478K, committed 65664K, reserved 1105920K
  class space    used 8468K, capacity 8977K, committed 9088K, reserved 1048576K
Event: 269.447 GC heap after
Heap after GC invocations=21 (full 3):
 PSYoungGen      total 166912K, used 4325K [0x00000000e0000000, 0x00000000eb600000, 0x0000000100000000)
  eden space 147456K, 0% used [0x00000000e0000000,0x00000000e0000000,0x00000000e9000000)
  from space 19456K, 22% used [0x00000000ea300000,0x00000000ea739498,0x00000000eb600000)
  to   space 19456K, 0% used [0x00000000e9000000,0x00000000e9000000,0x00000000ea300000)
 ParOldGen       total 108032K, used 56327K [0x00000000a0000000, 0x00000000a6980000, 0x00000000e0000000)
  object space 108032K, 52% used [0x00000000a0000000,0x00000000a3701c70,0x00000000a6980000)
 Metaspace       used 63487K, capacity 65478K, committed 65664K, reserved 1105920K
  class space    used 8468K, capacity 8977K, committed 9088K, reserved 1048576K
}
Event: 296.295 GC heap before
{Heap before GC invocations=22 (full 3):
 PSYoungGen      total 166912K, used 151781K [0x00000000e0000000, 0x00000000eb600000, 0x0000000100000000)
  eden space 147456K, 100% used [0x00000000e0000000,0x00000000e9000000,0x00000000e9000000)
  from space 19456K, 22% used [0x00000000ea300000,0x00000000ea739498,0x00000000eb600000)
  to   space 19456K, 0% used [0x00000000e9000000,0x00000000e9000000,0x00000000ea300000)
 ParOldGen       total 108032K, used 56327K [0x00000000a0000000, 0x00000000a6980000, 0x00000000e0000000)
  object space 108032K, 52% used [0x00000000a0000000,0x00000000a3701c70,0x00000000a6980000)
 Metaspace       used 70552K, capacity 72944K, committed 73088K, reserved 1112064K
  class space    used 9442K, capacity 10012K, committed 10112K, reserved 1048576K
Event: 296.514 GC heap after
Heap after GC invocations=22 (full 3):
 PSYoungGen      total 166912K, used 15288K [0x00000000e0000000, 0x00000000ec800000, 0x0000000100000000)
  eden space 147456K, 0% used [0x00000000e0000000,0x00000000e0000000,0x00000000e9000000)
  from space 19456K, 78% used [0x00000000e9000000,0x00000000e9eee208,0x00000000ea300000)
  to   space 20992K, 0% used [0x00000000eb380000,0x00000000eb380000,0x00000000ec800000)
 ParOldGen       total 108032K, used 56335K [0x00000000a0000000, 0x00000000a6980000, 0x00000000e0000000)
  object space 108032K, 52% used [0x00000000a0000000,0x00000000a3703c70,0x00000000a6980000)
 Metaspace       used 70552K, capacity 72944K, committed 73088K, reserved 1112064K
  class space    used 9442K, capacity 10012K, committed 10112K, reserved 1048576K
}
Event: 304.061 GC heap before
{Heap before GC invocations=23 (full 3):
 PSYoungGen      total 166912K, used 162744K [0x00000000e0000000, 0x00000000ec800000, 0x0000000100000000)
  eden space 147456K, 100% used [0x00000000e0000000,0x00000000e9000000,0x00000000e9000000)
  from space 19456K, 78% used [0x00000000e9000000,0x00000000e9eee208,0x00000000ea300000)
  to   space 20992K, 0% used [0x00000000eb380000,0x00000000eb380000,0x00000000ec800000)
 ParOldGen       total 108032K, used 56335K [0x00000000a0000000, 0x00000000a6980000, 0x00000000e0000000)
  object space 108032K, 52% used [0x00000000a0000000,0x00000000a3703c70,0x00000000a6980000)
 Metaspace       used 71316K, capacity 73710K, committed 73856K, reserved 1114112K
  class space    used 9500K, capacity 10079K, committed 10112K, reserved 1048576K
Event: 304.253 GC heap after
Heap after GC invocations=23 (full 3):
 PSYoungGen      total 184320K, used 11631K [0x00000000e0000000, 0x00000000ecd00000, 0x0000000100000000)
  eden space 163328K, 0% used [0x00000000e0000000,0x00000000e0000000,0x00000000e9f80000)
  from space 20992K, 55% used [0x00000000eb380000,0x00000000ebedbe80,0x00000000ec800000)
  to   space 20480K, 0% used [0x00000000e9f80000,0x00000000e9f80000,0x00000000eb380000)
 ParOldGen       total 108032K, used 56335K [0x00000000a0000000, 0x00000000a6980000, 0x00000000e0000000)
  object space 108032K, 52% used [0x00000000a0000000,0x00000000a3703c70,0x00000000a6980000)
 Metaspace       used 71316K, capacity 73710K, committed 73856K, reserved 1114112K
  class space    used 9500K, capacity 10079K, committed 10112K, reserved 1048576K
}
Event: 333.343 GC heap before
{Heap before GC invocations=24 (full 3):
 PSYoungGen      total 184320K, used 174959K [0x00000000e0000000, 0x00000000ecd00000, 0x0000000100000000)
  eden space 163328K, 100% used [0x00000000e0000000,0x00000000e9f80000,0x00000000e9f80000)
  from space 20992K, 55% used [0x00000000eb380000,0x00000000ebedbe80,0x00000000ec800000)
  to   space 20480K, 0% used [0x00000000e9f80000,0x00000000e9f80000,0x00000000eb380000)
 ParOldGen       total 108032K, used 56335K [0x00000000a0000000, 0x00000000a6980000, 0x00000000e0000000)
  object space 108032K, 52% used [0x00000000a0000000,0x00000000a3703c70,0x00000000a6980000)
 Metaspace       used 73011K, capacity 75778K, committed 75904K, reserved 1114112K
  class space    used 9739K, capacity 10353K, committed 10368K, reserved 1048576K
Event: 333.718 GC heap after
Heap after GC invocations=24 (full 3):
 PSYoungGen      total 183808K, used 20473K [0x00000000e0000000, 0x00000000efe00000, 0x0000000100000000)
  eden space 163328K, 0% used [0x00000000e0000000,0x00000000e0000000,0x00000000e9f80000)
  from space 20480K, 99% used [0x00000000e9f80000,0x00000000eb37e600,0x00000000eb380000)
  to   space 36352K, 0% used [0x00000000eda80000,0x00000000eda80000,0x00000000efe00000)
 ParOldGen       total 108032K, used 91364K [0x00000000a0000000, 0x00000000a6980000, 0x00000000e0000000)
  object space 108032K, 84% used [0x00000000a0000000,0x00000000a59390f0,0x00000000a6980000)
 Metaspace       used 73011K, capacity 75778K, committed 75904K, reserved 1114112K
  class space    used 9739K, capacity 10353K, committed 10368K, reserved 1048576K
}
Event: 333.718 GC heap before
{Heap before GC invocations=25 (full 4):
 PSYoungGen      total 183808K, used 20473K [0x00000000e0000000, 0x00000000efe00000, 0x0000000100000000)
  eden space 163328K, 0% used [0x00000000e0000000,0x00000000e0000000,0x00000000e9f80000)
  from space 20480K, 99% used [0x00000000e9f80000,0x00000000eb37e600,0x00000000eb380000)
  to   space 36352K, 0% used [0x00000000eda80000,0x00000000eda80000,0x00000000efe00000)
 ParOldGen       total 108032K, used 91364K [0x00000000a0000000, 0x00000000a6980000, 0x00000000e0000000)
  object space 108032K, 84% used [0x00000000a0000000,0x00000000a59390f0,0x00000000a6980000)
 Metaspace       used 73011K, capacity 75778K, committed 75904K, reserved 1114112K
  class space    used 9739K, capacity 10353K, committed 10368K, reserved 1048576K
Event: 336.104 GC heap after
Heap after GC invocations=25 (full 4):
 PSYoungGen      total 183808K, used 0K [0x00000000e0000000, 0x00000000efe00000, 0x0000000100000000)
  eden space 163328K, 0% used [0x00000000e0000000,0x00000000e0000000,0x00000000e9f80000)
  from space 20480K, 0% used [0x00000000e9f80000,0x00000000e9f80000,0x00000000eb380000)
  to   space 36352K, 0% used [0x00000000eda80000,0x00000000eda80000,0x00000000efe00000)
 ParOldGen       total 214016K, used 102174K [0x00000000a0000000, 0x00000000ad100000, 0x00000000e0000000)
  object space 214016K, 47% used [0x00000000a0000000,0x00000000a63c7b80,0x00000000ad100000)
 Metaspace       used 73009K, capacity 75772K, committed 75904K, reserved 1114112K
  class space    used 9739K, capacity 10352K, committed 10368K, reserved 1048576K
}

