# JRE version: OpenJDK Runtime Environment (8.0_212-b04) (build 1.8.0_212-release-1586-b04)
# Java VM: OpenJDK 64-Bit Server VM (25.212-b04 mixed mode windows-amd64 compressed oops)
Heap:
 PSYoungGen      total 395264K, used 26328K [0x00000000e0000000, 0x0000000100000000, 0x0000000100000000)
  eden space 267776K, 0% used [0x00000000e0000000,0x00000000e0000000,0x00000000f0580000)
  from space 127488K, 20% used [0x00000000f7d80000,0x00000000f9736108,0x00000000ffa00000)
  to   space 122880K, 0% used [0x00000000f0580000,0x00000000f0580000,0x00000000f7d80000)
 ParOldGen       total 656896K, used 612650K [0x00000000a0000000, 0x00000000c8180000, 0x00000000e0000000)
  object space 656896K, 93% used [0x00000000a0000000,0x00000000c564a988,0x00000000c8180000)
 Metaspace       used 98341K, capacity 104602K, committed 104664K, reserved 1140736K
  class space    used 12430K, capacity 13511K, committed 13568K, reserved 1048576K
GC Heap History (10 events):
Event: 17791.036 GC heap after
Heap after GC invocations=248 (full 20):
 PSYoungGen      total 373760K, used 44464K [0x00000000e0000000, 0x00000000fec00000, 0x0000000100000000)
  eden space 262144K, 0% used [0x00000000e0000000,0x00000000e0000000,0x00000000f0000000)
  from space 111616K, 39% used [0x00000000f7f00000,0x00000000faa6c2a8,0x00000000fec00000)
  to   space 120832K, 0% used [0x00000000f0000000,0x00000000f0000000,0x00000000f7600000)
 ParOldGen       total 656896K, used 447420K [0x00000000a0000000, 0x00000000c8180000, 0x00000000e0000000)
  object space 656896K, 68% used [0x00000000a0000000,0x00000000bb4ef280,0x00000000c8180000)
 Metaspace       used 98339K, capacity 104602K, committed 104664K, reserved 1140736K
  class space    used 12430K, capacity 13511K, committed 13568K, reserved 1048576K
}
Event: 17793.784 GC heap before
{Heap before GC invocations=249 (full 20):
 PSYoungGen      total 373760K, used 306608K [0x00000000e0000000, 0x00000000fec00000, 0x0000000100000000)
  eden space 262144K, 100% used [0x00000000e0000000,0x00000000f0000000,0x00000000f0000000)
  from space 111616K, 39% used [0x00000000f7f00000,0x00000000faa6c2a8,0x00000000fec00000)
  to   space 120832K, 0% used [0x00000000f0000000,0x00000000f0000000,0x00000000f7600000)
 ParOldGen       total 656896K, used 447420K [0x00000000a0000000, 0x00000000c8180000, 0x00000000e0000000)
  object space 656896K, 68% used [0x00000000a0000000,0x00000000bb4ef280,0x00000000c8180000)
 Metaspace       used 98339K, capacity 104602K, committed 104664K, reserved 1140736K
  class space    used 12430K, capacity 13511K, committed 13568K, reserved 1048576K
Event: 17794.067 GC heap after
Heap after GC invocations=249 (full 20):
 PSYoungGen      total 382976K, used 87642K [0x00000000e0000000, 0x0000000100000000, 0x0000000100000000)
  eden space 262144K, 0% used [0x00000000e0000000,0x00000000e0000000,0x00000000f0000000)
  from space 120832K, 72% used [0x00000000f0000000,0x00000000f5596ba0,0x00000000f7600000)
  to   space 131072K, 0% used [0x00000000f8000000,0x00000000f8000000,0x0000000100000000)
 ParOldGen       total 656896K, used 464034K [0x00000000a0000000, 0x00000000c8180000, 0x00000000e0000000)
  object space 656896K, 70% used [0x00000000a0000000,0x00000000bc528a20,0x00000000c8180000)
 Metaspace       used 98339K, capacity 104602K, committed 104664K, reserved 1140736K
  class space    used 12430K, capacity 13511K, committed 13568K, reserved 1048576K
}
Event: 17795.176 GC heap before
{Heap before GC invocations=250 (full 20):
 PSYoungGen      total 382976K, used 349786K [0x00000000e0000000, 0x0000000100000000, 0x0000000100000000)
  eden space 262144K, 100% used [0x00000000e0000000,0x00000000f0000000,0x00000000f0000000)
  from space 120832K, 72% used [0x00000000f0000000,0x00000000f5596ba0,0x00000000f7600000)
  to   space 131072K, 0% used [0x00000000f8000000,0x00000000f8000000,0x0000000100000000)
 ParOldGen       total 656896K, used 464034K [0x00000000a0000000, 0x00000000c8180000, 0x00000000e0000000)
  object space 656896K, 70% used [0x00000000a0000000,0x00000000bc528a20,0x00000000c8180000)
 Metaspace       used 98339K, capacity 104602K, committed 104664K, reserved 1140736K
  class space    used 12430K, capacity 13511K, committed 13568K, reserved 1048576K
Event: 17795.632 GC heap after
Heap after GC invocations=250 (full 20):
 PSYoungGen      total 394240K, used 64385K [0x00000000e0000000, 0x0000000100000000, 0x0000000100000000)
  eden space 263168K, 0% used [0x00000000e0000000,0x00000000e0000000,0x00000000f0100000)
  from space 131072K, 49% used [0x00000000f8000000,0x00000000fbee0690,0x0000000100000000)
  to   space 130048K, 0% used [0x00000000f0100000,0x00000000f0100000,0x00000000f8000000)
 ParOldGen       total 656896K, used 498565K [0x00000000a0000000, 0x00000000c8180000, 0x00000000e0000000)
  object space 656896K, 75% used [0x00000000a0000000,0x00000000be6e15c0,0x00000000c8180000)
 Metaspace       used 98339K, capacity 104602K, committed 104664K, reserved 1140736K
  class space    used 12430K, capacity 13511K, committed 13568K, reserved 1048576K
}
Event: 17797.647 GC heap before
{Heap before GC invocations=251 (full 20):
 PSYoungGen      total 394240K, used 327553K [0x00000000e0000000, 0x0000000100000000, 0x0000000100000000)
  eden space 263168K, 100% used [0x00000000e0000000,0x00000000f0100000,0x00000000f0100000)
  from space 131072K, 49% used [0x00000000f8000000,0x00000000fbee0690,0x0000000100000000)
  to   space 130048K, 0% used [0x00000000f0100000,0x00000000f0100000,0x00000000f8000000)
 ParOldGen       total 656896K, used 498565K [0x00000000a0000000, 0x00000000c8180000, 0x00000000e0000000)
  object space 656896K, 75% used [0x00000000a0000000,0x00000000be6e15c0,0x00000000c8180000)
 Metaspace       used 98339K, capacity 104602K, committed 104664K, reserved 1140736K
  class space    used 12430K, capacity 13511K, committed 13568K, reserved 1048576K
Event: 17798.233 GC heap after
Heap after GC invocations=251 (full 20):
 PSYoungGen      total 323584K, used 60087K [0x00000000e0000000, 0x00000000ffa00000, 0x0000000100000000)
  eden space 263168K, 0% used [0x00000000e0000000,0x00000000e0000000,0x00000000f0100000)
  from space 60416K, 99% used [0x00000000f0100000,0x00000000f3badf28,0x00000000f3c00000)
  to   space 127488K, 0% used [0x00000000f7d80000,0x00000000f7d80000,0x00000000ffa00000)
 ParOldGen       total 656896K, used 559836K [0x00000000a0000000, 0x00000000c8180000, 0x00000000e0000000)
  object space 656896K, 85% used [0x00000000a0000000,0x00000000c22b7390,0x00000000c8180000)
 Metaspace       used 98339K, capacity 104602K, committed 104664K, reserved 1140736K
  class space    used 12430K, capacity 13511K, committed 13568K, reserved 1048576K
}
Event: 17801.224 GC heap before
{Heap before GC invocations=252 (full 20):
 PSYoungGen      total 323584K, used 323255K [0x00000000e0000000, 0x00000000ffa00000, 0x0000000100000000)
  eden space 263168K, 100% used [0x00000000e0000000,0x00000000f0100000,0x00000000f0100000)
  from space 60416K, 99% used [0x00000000f0100000,0x00000000f3badf28,0x00000000f3c00000)
  to   space 127488K, 0% used [0x00000000f7d80000,0x00000000f7d80000,0x00000000ffa00000)
 ParOldGen       total 656896K, used 559836K [0x00000000a0000000, 0x00000000c8180000, 0x00000000e0000000)
  object space 656896K, 85% used [0x00000000a0000000,0x00000000c22b7390,0x00000000c8180000)
 Metaspace       used 98341K, capacity 104602K, committed 104664K, reserved 1140736K
  class space    used 12430K, capacity 13511K, committed 13568K, reserved 1048576K
Event: 17801.721 GC heap after
Heap after GC invocations=252 (full 20):
 PSYoungGen      total 395264K, used 26328K [0x00000000e0000000, 0x0000000100000000, 0x0000000100000000)
  eden space 267776K, 0% used [0x00000000e0000000,0x00000000e0000000,0x00000000f0580000)
  from space 127488K, 20% used [0x00000000f7d80000,0x00000000f9736108,0x00000000ffa00000)
  to   space 122880K, 0% used [0x00000000f0580000,0x00000000f0580000,0x00000000f7d80000)
 ParOldGen       total 656896K, used 612650K [0x00000000a0000000, 0x00000000c8180000, 0x00000000e0000000)
  object space 656896K, 93% used [0x00000000a0000000,0x00000000c564a988,0x00000000c8180000)
 Metaspace       used 98341K, capacity 104602K, committed 104664K, reserved 1140736K
  class space    used 12430K, capacity 13511K, committed 13568K, reserved 1048576K
}
Event: 17801.721 GC heap before
{Heap before GC invocations=253 (full 21):
 PSYoungGen      total 395264K, used 26328K [0x00000000e0000000, 0x0000000100000000, 0x0000000100000000)
  eden space 267776K, 0% used [0x00000000e0000000,0x00000000e0000000,0x00000000f0580000)
  from space 127488K, 20% used [0x00000000f7d80000,0x00000000f9736108,0x00000000ffa00000)
  to   space 122880K, 0% used [0x00000000f0580000,0x00000000f0580000,0x00000000f7d80000)
 ParOldGen       total 656896K, used 612650K [0x00000000a0000000, 0x00000000c8180000, 0x00000000e0000000)
  object space 656896K, 93% used [0x00000000a0000000,0x00000000c564a988,0x00000000c8180000)
 Metaspace       used 98341K, capacity 104602K, committed 104664K, reserved 1140736K
  class space    used 12430K, capacity 13511K, committed 13568K, reserved 1048576K

