# JRE version: OpenJDK Runtime Environment (8.0_202-b03) (build 1.8.0_202-release-1483-b03)
# Java VM: OpenJDK 64-Bit Server VM (25.202-b03 mixed mode windows-amd64 compressed oops)
Heap:
 PSYoungGen      total 229888K, used 15951K [0x00000000e0000000, 0x00000000f6800000, 0x0000000100000000)
  eden space 211456K, 0% used [0x00000000e0000000,0x00000000e0000000,0x00000000ece80000)
  from space 18432K, 86% used [0x00000000ece80000,0x00000000ede13d28,0x00000000ee080000)
  to   space 20480K, 0% used [0x00000000f5400000,0x00000000f5400000,0x00000000f6800000)
 ParOldGen       total 60416K, used 30127K [0x00000000a0000000, 0x00000000a3b00000, 0x00000000e0000000)
  object space 60416K, 49% used [0x00000000a0000000,0x00000000a1d6bd78,0x00000000a3b00000)
 Metaspace       used 57554K, capacity 59090K, committed 59160K, reserved 1099776K
  class space    used 7777K, capacity 8209K, committed 8232K, reserved 1048576K
GC Heap History (10 events):
Event: 98.164 GC heap after
Heap after GC invocations=9 (full 1):
 PSYoungGen      total 149504K, used 12272K [0x00000000e0000000, 0x00000000ea200000, 0x0000000100000000)
  eden space 137216K, 0% used [0x00000000e0000000,0x00000000e0000000,0x00000000e8600000)
  from space 12288K, 99% used [0x00000000e9600000,0x00000000ea1fc1f0,0x00000000ea200000)
  to   space 14336K, 0% used [0x00000000e8600000,0x00000000e8600000,0x00000000e9400000)
 ParOldGen       total 49152K, used 11182K [0x00000000a0000000, 0x00000000a3000000, 0x00000000e0000000)
  object space 49152K, 22% used [0x00000000a0000000,0x00000000a0aebbe0,0x00000000a3000000)
 Metaspace       used 34757K, capacity 35420K, committed 35496K, reserved 1079296K
  class space    used 4781K, capacity 5016K, committed 5032K, reserved 1048576K
}
Event: 98.180 GC heap before
{Heap before GC invocations=10 (full 1):
 PSYoungGen      total 149504K, used 14707K [0x00000000e0000000, 0x00000000ea200000, 0x0000000100000000)
  eden space 137216K, 1% used [0x00000000e0000000,0x00000000e0260bc8,0x00000000e8600000)
  from space 12288K, 99% used [0x00000000e9600000,0x00000000ea1fc1f0,0x00000000ea200000)
  to   space 14336K, 0% used [0x00000000e8600000,0x00000000e8600000,0x00000000e9400000)
 ParOldGen       total 49152K, used 11182K [0x00000000a0000000, 0x00000000a3000000, 0x00000000e0000000)
  object space 49152K, 22% used [0x00000000a0000000,0x00000000a0aebbe0,0x00000000a3000000)
 Metaspace       used 34758K, capacity 35420K, committed 35496K, reserved 1079296K
  class space    used 4781K, capacity 5016K, committed 5032K, reserved 1048576K
Event: 98.309 GC heap after
Heap after GC invocations=10 (full 1):
 PSYoungGen      total 151552K, used 12344K [0x00000000e0000000, 0x00000000ef000000, 0x0000000100000000)
  eden space 137216K, 0% used [0x00000000e0000000,0x00000000e0000000,0x00000000e8600000)
  from space 14336K, 86% used [0x00000000e8600000,0x00000000e920e240,0x00000000e9400000)
  to   space 15872K, 0% used [0x00000000ee080000,0x00000000ee080000,0x00000000ef000000)
 ParOldGen       total 49152K, used 11190K [0x00000000a0000000, 0x00000000a3000000, 0x00000000e0000000)
  object space 49152K, 22% used [0x00000000a0000000,0x00000000a0aedbe0,0x00000000a3000000)
 Metaspace       used 34758K, capacity 35420K, committed 35496K, reserved 1079296K
  class space    used 4781K, capacity 5016K, committed 5032K, reserved 1048576K
}
Event: 98.310 GC heap before
{Heap before GC invocations=11 (full 2):
 PSYoungGen      total 151552K, used 12344K [0x00000000e0000000, 0x00000000ef000000, 0x0000000100000000)
  eden space 137216K, 0% used [0x00000000e0000000,0x00000000e0000000,0x00000000e8600000)
  from space 14336K, 86% used [0x00000000e8600000,0x00000000e920e240,0x00000000e9400000)
  to   space 15872K, 0% used [0x00000000ee080000,0x00000000ee080000,0x00000000ef000000)
 ParOldGen       total 49152K, used 11190K [0x00000000a0000000, 0x00000000a3000000, 0x00000000e0000000)
  object space 49152K, 22% used [0x00000000a0000000,0x00000000a0aedbe0,0x00000000a3000000)
 Metaspace       used 34758K, capacity 35420K, committed 35496K, reserved 1079296K
  class space    used 4781K, capacity 5016K, committed 5032K, reserved 1048576K
Event: 98.709 GC heap after
Heap after GC invocations=11 (full 2):
 PSYoungGen      total 151552K, used 0K [0x00000000e0000000, 0x00000000ef000000, 0x0000000100000000)
  eden space 137216K, 0% used [0x00000000e0000000,0x00000000e0000000,0x00000000e8600000)
  from space 14336K, 0% used [0x00000000e8600000,0x00000000e8600000,0x00000000e9400000)
  to   space 15872K, 0% used [0x00000000ee080000,0x00000000ee080000,0x00000000ef000000)
 ParOldGen       total 60416K, used 19901K [0x00000000a0000000, 0x00000000a3b00000, 0x00000000e0000000)
  object space 60416K, 32% used [0x00000000a0000000,0x00000000a136f440,0x00000000a3b00000)
 Metaspace       used 34758K, capacity 35420K, committed 35496K, reserved 1079296K
  class space    used 4781K, capacity 5016K, committed 5032K, reserved 1048576K
}
Event: 132.677 GC heap before
{Heap before GC invocations=12 (full 2):
 PSYoungGen      total 151552K, used 137216K [0x00000000e0000000, 0x00000000ef000000, 0x0000000100000000)
  eden space 137216K, 100% used [0x00000000e0000000,0x00000000e8600000,0x00000000e8600000)
  from space 14336K, 0% used [0x00000000e8600000,0x00000000e8600000,0x00000000e9400000)
  to   space 15872K, 0% used [0x00000000ee080000,0x00000000ee080000,0x00000000ef000000)
 ParOldGen       total 60416K, used 19901K [0x00000000a0000000, 0x00000000a3b00000, 0x00000000e0000000)
  object space 60416K, 32% used [0x00000000a0000000,0x00000000a136f440,0x00000000a3b00000)
 Metaspace       used 47595K, capacity 48734K, committed 49064K, reserved 1091584K
  class space    used 6390K, capacity 6706K, committed 6824K, reserved 1048576K
Event: 132.803 GC heap after
Heap after GC invocations=12 (full 2):
 PSYoungGen      total 227328K, used 15864K [0x00000000e0000000, 0x00000000ef580000, 0x0000000100000000)
  eden space 211456K, 0% used [0x00000000e0000000,0x00000000e0000000,0x00000000ece80000)
  from space 15872K, 99% used [0x00000000ee080000,0x00000000eeffe390,0x00000000ef000000)
  to   space 18432K, 0% used [0x00000000ece80000,0x00000000ece80000,0x00000000ee080000)
 ParOldGen       total 60416K, used 21389K [0x00000000a0000000, 0x00000000a3b00000, 0x00000000e0000000)
  object space 60416K, 35% used [0x00000000a0000000,0x00000000a14e3730,0x00000000a3b00000)
 Metaspace       used 47595K, capacity 48734K, committed 49064K, reserved 1091584K
  class space    used 6390K, capacity 6706K, committed 6824K, reserved 1048576K
}
Event: 178.208 GC heap before
{Heap before GC invocations=13 (full 2):
 PSYoungGen      total 227328K, used 167616K [0x00000000e0000000, 0x00000000ef580000, 0x0000000100000000)
  eden space 211456K, 71% used [0x00000000e0000000,0x00000000e9431e18,0x00000000ece80000)
  from space 15872K, 99% used [0x00000000ee080000,0x00000000eeffe390,0x00000000ef000000)
  to   space 18432K, 0% used [0x00000000ece80000,0x00000000ece80000,0x00000000ee080000)
 ParOldGen       total 60416K, used 21389K [0x00000000a0000000, 0x00000000a3b00000, 0x00000000e0000000)
  object space 60416K, 35% used [0x00000000a0000000,0x00000000a14e3730,0x00000000a3b00000)
 Metaspace       used 57554K, capacity 59090K, committed 59160K, reserved 1099776K
  class space    used 7777K, capacity 8209K, committed 8232K, reserved 1048576K
Event: 178.457 GC heap after
Heap after GC invocations=13 (full 2):
 PSYoungGen      total 229888K, used 15951K [0x00000000e0000000, 0x00000000f6800000, 0x0000000100000000)
  eden space 211456K, 0% used [0x00000000e0000000,0x00000000e0000000,0x00000000ece80000)
  from space 18432K, 86% used [0x00000000ece80000,0x00000000ede13d28,0x00000000ee080000)
  to   space 20480K, 0% used [0x00000000f5400000,0x00000000f5400000,0x00000000f6800000)
 ParOldGen       total 60416K, used 30127K [0x00000000a0000000, 0x00000000a3b00000, 0x00000000e0000000)
  object space 60416K, 49% used [0x00000000a0000000,0x00000000a1d6bd78,0x00000000a3b00000)
 Metaspace       used 57554K, capacity 59090K, committed 59160K, reserved 1099776K
  class space    used 7777K, capacity 8209K, committed 8232K, reserved 1048576K
}
Event: 178.457 GC heap before
{Heap before GC invocations=14 (full 3):
 PSYoungGen      total 229888K, used 15951K [0x00000000e0000000, 0x00000000f6800000, 0x0000000100000000)
  eden space 211456K, 0% used [0x00000000e0000000,0x00000000e0000000,0x00000000ece80000)
  from space 18432K, 86% used [0x00000000ece80000,0x00000000ede13d28,0x00000000ee080000)
  to   space 20480K, 0% used [0x00000000f5400000,0x00000000f5400000,0x00000000f6800000)
 ParOldGen       total 60416K, used 30127K [0x00000000a0000000, 0x00000000a3b00000, 0x00000000e0000000)
  object space 60416K, 49% used [0x00000000a0000000,0x00000000a1d6bd78,0x00000000a3b00000)
 Metaspace       used 57554K, capacity 59090K, committed 59160K, reserved 1099776K
  class space    used 7777K, capacity 8209K, committed 8232K, reserved 1048576K

