# JRE version: OpenJDK Runtime Environment (8.0_202-b03) (build 1.8.0_202-release-1483-b03)
# Java VM: OpenJDK 64-Bit Server VM (25.202-b03 mixed mode windows-amd64 compressed oops)
Heap:
 PSYoungGen      total 299520K, used 51506K [0x00000000e0000000, 0x00000000f5c80000, 0x0000000100000000)
  eden space 272896K, 11% used [0x00000000e0000000,0x00000000e1f54b30,0x00000000f0a80000)
  from space 26624K, 72% used [0x00000000f0a80000,0x00000000f1d77f58,0x00000000f2480000)
  to   space 27648K, 0% used [0x00000000f4180000,0x00000000f4180000,0x00000000f5c80000)
 ParOldGen       total 119808K, used 56154K [0x00000000a0000000, 0x00000000a7500000, 0x00000000e0000000)
  object space 119808K, 46% used [0x00000000a0000000,0x00000000a36d68b0,0x00000000a7500000)
 Metaspace       used 76690K, capacity 79552K, committed 79744K, reserved 1118208K
  class space    used 9890K, capacity 10514K, committed 10624K, reserved 1048576K
GC Heap History (10 events):
Event: 409.201 GC heap before
{Heap before GC invocations=10 (full 2):
 PSYoungGen      total 197120K, used 183296K [0x00000000e0000000, 0x00000000f4b80000, 0x0000000100000000)
  eden space 183296K, 100% used [0x00000000e0000000,0x00000000eb300000,0x00000000eb300000)
  from space 13824K, 0% used [0x00000000eb300000,0x00000000eb300000,0x00000000ec080000)
  to   space 13824K, 0% used [0x00000000f3e00000,0x00000000f3e00000,0x00000000f4b80000)
 ParOldGen       total 72704K, used 15819K [0x00000000a0000000, 0x00000000a4700000, 0x00000000e0000000)
  object space 72704K, 21% used [0x00000000a0000000,0x00000000a0f72fd8,0x00000000a4700000)
 Metaspace       used 48623K, capacity 49682K, committed 50048K, reserved 1093632K
  class space    used 6391K, capacity 6669K, committed 6784K, reserved 1048576K
Event: 409.583 GC heap after
Heap after GC invocations=10 (full 2):
 PSYoungGen      total 230400K, used 13823K [0x00000000e0000000, 0x00000000f4b80000, 0x0000000100000000)
  eden space 216576K, 0% used [0x00000000e0000000,0x00000000e0000000,0x00000000ed380000)
  from space 13824K, 99% used [0x00000000f3e00000,0x00000000f4b7fc68,0x00000000f4b80000)
  to   space 18944K, 0% used [0x00000000f2680000,0x00000000f2680000,0x00000000f3900000)
 ParOldGen       total 72704K, used 22936K [0x00000000a0000000, 0x00000000a4700000, 0x00000000e0000000)
  object space 72704K, 31% used [0x00000000a0000000,0x00000000a1666398,0x00000000a4700000)
 Metaspace       used 48623K, capacity 49682K, committed 50048K, reserved 1093632K
  class space    used 6391K, capacity 6669K, committed 6784K, reserved 1048576K
}
Event: 455.857 GC heap before
{Heap before GC invocations=11 (full 2):
 PSYoungGen      total 230400K, used 144487K [0x00000000e0000000, 0x00000000f4b80000, 0x0000000100000000)
  eden space 216576K, 60% used [0x00000000e0000000,0x00000000e7f9a1b0,0x00000000ed380000)
  from space 13824K, 99% used [0x00000000f3e00000,0x00000000f4b7fc68,0x00000000f4b80000)
  to   space 18944K, 0% used [0x00000000f2680000,0x00000000f2680000,0x00000000f3900000)
 ParOldGen       total 72704K, used 22936K [0x00000000a0000000, 0x00000000a4700000, 0x00000000e0000000)
  object space 72704K, 31% used [0x00000000a0000000,0x00000000a1666398,0x00000000a4700000)
 Metaspace       used 57223K, capacity 58872K, committed 59008K, reserved 1099776K
  class space    used 7598K, capacity 8036K, committed 8064K, reserved 1048576K
Event: 456.416 GC heap after
Heap after GC invocations=11 (full 2):
 PSYoungGen      total 260096K, used 18937K [0x00000000e0000000, 0x00000000f3e80000, 0x0000000100000000)
  eden space 241152K, 0% used [0x00000000e0000000,0x00000000e0000000,0x00000000eeb80000)
  from space 18944K, 99% used [0x00000000f2680000,0x00000000f38fe5c8,0x00000000f3900000)
  to   space 5632K, 0% used [0x00000000f3900000,0x00000000f3900000,0x00000000f3e80000)
 ParOldGen       total 72704K, used 29780K [0x00000000a0000000, 0x00000000a4700000, 0x00000000e0000000)
  object space 72704K, 40% used [0x00000000a0000000,0x00000000a1d15170,0x00000000a4700000)
 Metaspace       used 57223K, capacity 58872K, committed 59008K, reserved 1099776K
  class space    used 7598K, capacity 8036K, committed 8064K, reserved 1048576K
}
Event: 456.416 GC heap before
{Heap before GC invocations=12 (full 3):
 PSYoungGen      total 260096K, used 18937K [0x00000000e0000000, 0x00000000f3e80000, 0x0000000100000000)
  eden space 241152K, 0% used [0x00000000e0000000,0x00000000e0000000,0x00000000eeb80000)
  from space 18944K, 99% used [0x00000000f2680000,0x00000000f38fe5c8,0x00000000f3900000)
  to   space 5632K, 0% used [0x00000000f3900000,0x00000000f3900000,0x00000000f3e80000)
 ParOldGen       total 72704K, used 29780K [0x00000000a0000000, 0x00000000a4700000, 0x00000000e0000000)
  object space 72704K, 40% used [0x00000000a0000000,0x00000000a1d15170,0x00000000a4700000)
 Metaspace       used 57223K, capacity 58872K, committed 59008K, reserved 1099776K
  class space    used 7598K, capacity 8036K, committed 8064K, reserved 1048576K
Event: 458.299 GC heap after
Heap after GC invocations=12 (full 3):
 PSYoungGen      total 260096K, used 0K [0x00000000e0000000, 0x00000000f3e80000, 0x0000000100000000)
  eden space 241152K, 0% used [0x00000000e0000000,0x00000000e0000000,0x00000000eeb80000)
  from space 18944K, 0% used [0x00000000f2680000,0x00000000f2680000,0x00000000f3900000)
  to   space 5632K, 0% used [0x00000000f3900000,0x00000000f3900000,0x00000000f3e80000)
 ParOldGen       total 119808K, used 37577K [0x00000000a0000000, 0x00000000a7500000, 0x00000000e0000000)
  object space 119808K, 31% used [0x00000000a0000000,0x00000000a24b2438,0x00000000a7500000)
 Metaspace       used 57174K, capacity 58696K, committed 59008K, reserved 1099776K
  class space    used 7584K, capacity 8020K, committed 8064K, reserved 1048576K
}
Event: 579.348 GC heap before
{Heap before GC invocations=13 (full 3):
 PSYoungGen      total 260096K, used 241152K [0x00000000e0000000, 0x00000000f3e80000, 0x0000000100000000)
  eden space 241152K, 100% used [0x00000000e0000000,0x00000000eeb80000,0x00000000eeb80000)
  from space 18944K, 0% used [0x00000000f2680000,0x00000000f2680000,0x00000000f3900000)
  to   space 5632K, 0% used [0x00000000f3900000,0x00000000f3900000,0x00000000f3e80000)
 ParOldGen       total 119808K, used 37577K [0x00000000a0000000, 0x00000000a7500000, 0x00000000e0000000)
  object space 119808K, 31% used [0x00000000a0000000,0x00000000a24b2438,0x00000000a7500000)
 Metaspace       used 68873K, capacity 70700K, committed 70912K, reserved 1110016K
  class space    used 8910K, capacity 9352K, committed 9472K, reserved 1048576K
Event: 580.087 GC heap after
Heap after GC invocations=13 (full 3):
 PSYoungGen      total 278528K, used 5621K [0x00000000e0000000, 0x00000000f3e80000, 0x0000000100000000)
  eden space 272896K, 0% used [0x00000000e0000000,0x00000000e0000000,0x00000000f0a80000)
  from space 5632K, 99% used [0x00000000f3900000,0x00000000f3e7d790,0x00000000f3e80000)
  to   space 26624K, 0% used [0x00000000f0a80000,0x00000000f0a80000,0x00000000f2480000)
 ParOldGen       total 119808K, used 50788K [0x00000000a0000000, 0x00000000a7500000, 0x00000000e0000000)
  object space 119808K, 42% used [0x00000000a0000000,0x00000000a31990a0,0x00000000a7500000)
 Metaspace       used 68873K, capacity 70700K, committed 70912K, reserved 1110016K
  class space    used 8910K, capacity 9352K, committed 9472K, reserved 1048576K
}
Event: 2191.543 GC heap before
{Heap before GC invocations=14 (full 3):
 PSYoungGen      total 278528K, used 278517K [0x00000000e0000000, 0x00000000f3e80000, 0x0000000100000000)
  eden space 272896K, 100% used [0x00000000e0000000,0x00000000f0a80000,0x00000000f0a80000)
  from space 5632K, 99% used [0x00000000f3900000,0x00000000f3e7d790,0x00000000f3e80000)
  to   space 26624K, 0% used [0x00000000f0a80000,0x00000000f0a80000,0x00000000f2480000)
 ParOldGen       total 119808K, used 50788K [0x00000000a0000000, 0x00000000a7500000, 0x00000000e0000000)
  object space 119808K, 42% used [0x00000000a0000000,0x00000000a31990a0,0x00000000a7500000)
 Metaspace       used 75967K, capacity 78518K, committed 78720K, reserved 1118208K
  class space    used 9797K, capacity 10351K, committed 10368K, reserved 1048576K
Event: 2191.987 GC heap after
Heap after GC invocations=14 (full 3):
 PSYoungGen      total 299520K, used 19423K [0x00000000e0000000, 0x00000000f5c80000, 0x0000000100000000)
  eden space 272896K, 0% used [0x00000000e0000000,0x00000000e0000000,0x00000000f0a80000)
  from space 26624K, 72% used [0x00000000f0a80000,0x00000000f1d77f58,0x00000000f2480000)
  to   space 27648K, 0% used [0x00000000f4180000,0x00000000f4180000,0x00000000f5c80000)
 ParOldGen       total 119808K, used 56154K [0x00000000a0000000, 0x00000000a7500000, 0x00000000e0000000)
  object space 119808K, 46% used [0x00000000a0000000,0x00000000a36d68b0,0x00000000a7500000)
 Metaspace       used 75967K, capacity 78518K, committed 78720K, reserved 1118208K
  class space    used 9797K, capacity 10351K, committed 10368K, reserved 1048576K
}

