# JRE version: OpenJDK Runtime Environment (8.0_202-b03) (build 1.8.0_202-release-1483-b03)
# Java VM: OpenJDK 64-Bit Server VM (25.202-b03 mixed mode windows-amd64 compressed oops)
Heap:
 PSYoungGen      total 102400K, used 8106K [0x00000000e0000000, 0x00000000e7000000, 0x0000000100000000)
  eden space 93184K, 0% used [0x00000000e0000000,0x00000000e0000000,0x00000000e5b00000)
  from space 9216K, 87% used [0x00000000e6500000,0x00000000e6cea848,0x00000000e6e00000)
  to   space 10240K, 0% used [0x00000000e5b00000,0x00000000e5b00000,0x00000000e6500000)
 ParOldGen       total 61440K, used 9021K [0x00000000a0000000, 0x00000000a3c00000, 0x00000000e0000000)
  object space 61440K, 14% used [0x00000000a0000000,0x00000000a08cf728,0x00000000a3c00000)
 Metaspace       used 20789K, capacity 21120K, committed 21248K, reserved 1067008K
  class space    used 2916K, capacity 3062K, committed 3072K, reserved 1048576K
GC Heap History (10 events):
Event: 15.150 GC heap after
Heap after GC invocations=2 (full 0):
 PSYoungGen      total 27136K, used 2785K [0x00000000e0000000, 0x00000000e3500000, 0x0000000100000000)
  eden space 23552K, 0% used [0x00000000e0000000,0x00000000e0000000,0x00000000e1700000)
  from space 3584K, 77% used [0x00000000e1a80000,0x00000000e1d385c0,0x00000000e1e00000)
  to   space 3584K, 0% used [0x00000000e1700000,0x00000000e1700000,0x00000000e1a80000)
 ParOldGen       total 61440K, used 294K [0x00000000a0000000, 0x00000000a3c00000, 0x00000000e0000000)
  object space 61440K, 0% used [0x00000000a0000000,0x00000000a0049b90,0x00000000a3c00000)
 Metaspace       used 6822K, capacity 7042K, committed 7296K, reserved 1056768K
  class space    used 829K, capacity 882K, committed 896K, reserved 1048576K
}
Event: 17.228 GC heap before
{Heap before GC invocations=3 (full 0):
 PSYoungGen      total 27136K, used 26337K [0x00000000e0000000, 0x00000000e3500000, 0x0000000100000000)
  eden space 23552K, 100% used [0x00000000e0000000,0x00000000e1700000,0x00000000e1700000)
  from space 3584K, 77% used [0x00000000e1a80000,0x00000000e1d385c0,0x00000000e1e00000)
  to   space 3584K, 0% used [0x00000000e1700000,0x00000000e1700000,0x00000000e1a80000)
 ParOldGen       total 61440K, used 294K [0x00000000a0000000, 0x00000000a3c00000, 0x00000000e0000000)
  object space 61440K, 0% used [0x00000000a0000000,0x00000000a0049b90,0x00000000a3c00000)
 Metaspace       used 9693K, capacity 9982K, committed 10112K, reserved 1058816K
  class space    used 1295K, capacity 1389K, committed 1408K, reserved 1048576K
Event: 17.256 GC heap after
Heap after GC invocations=3 (full 0):
 PSYoungGen      total 27136K, used 3568K [0x00000000e0000000, 0x00000000e3500000, 0x0000000100000000)
  eden space 23552K, 0% used [0x00000000e0000000,0x00000000e0000000,0x00000000e1700000)
  from space 3584K, 99% used [0x00000000e1700000,0x00000000e1a7c010,0x00000000e1a80000)
  to   space 3584K, 0% used [0x00000000e3180000,0x00000000e3180000,0x00000000e3500000)
 ParOldGen       total 61440K, used 1477K [0x00000000a0000000, 0x00000000a3c00000, 0x00000000e0000000)
  object space 61440K, 2% used [0x00000000a0000000,0x00000000a01715d8,0x00000000a3c00000)
 Metaspace       used 9693K, capacity 9982K, committed 10112K, reserved 1058816K
  class space    used 1295K, capacity 1389K, committed 1408K, reserved 1048576K
}
Event: 24.453 GC heap before
{Heap before GC invocations=4 (full 0):
 PSYoungGen      total 27136K, used 27120K [0x00000000e0000000, 0x00000000e3500000, 0x0000000100000000)
  eden space 23552K, 100% used [0x00000000e0000000,0x00000000e1700000,0x00000000e1700000)
  from space 3584K, 99% used [0x00000000e1700000,0x00000000e1a7c010,0x00000000e1a80000)
  to   space 3584K, 0% used [0x00000000e3180000,0x00000000e3180000,0x00000000e3500000)
 ParOldGen       total 61440K, used 1477K [0x00000000a0000000, 0x00000000a3c00000, 0x00000000e0000000)
  object space 61440K, 2% used [0x00000000a0000000,0x00000000a01715d8,0x00000000a3c00000)
 Metaspace       used 12768K, capacity 13182K, committed 13440K, reserved 1060864K
  class space    used 1751K, capacity 1889K, committed 1920K, reserved 1048576K
Event: 24.510 GC heap after
Heap after GC invocations=4 (full 0):
 PSYoungGen      total 50688K, used 3552K [0x00000000e0000000, 0x00000000e3500000, 0x0000000100000000)
  eden space 47104K, 0% used [0x00000000e0000000,0x00000000e0000000,0x00000000e2e00000)
  from space 3584K, 99% used [0x00000000e3180000,0x00000000e34f8020,0x00000000e3500000)
  to   space 3584K, 0% used [0x00000000e2e00000,0x00000000e2e00000,0x00000000e3180000)
 ParOldGen       total 61440K, used 3557K [0x00000000a0000000, 0x00000000a3c00000, 0x00000000e0000000)
  object space 61440K, 5% used [0x00000000a0000000,0x00000000a03795d8,0x00000000a3c00000)
 Metaspace       used 12768K, capacity 13182K, committed 13440K, reserved 1060864K
  class space    used 1751K, capacity 1889K, committed 1920K, reserved 1048576K
}
Event: 28.300 GC heap before
{Heap before GC invocations=5 (full 0):
 PSYoungGen      total 50688K, used 50656K [0x00000000e0000000, 0x00000000e3500000, 0x0000000100000000)
  eden space 47104K, 100% used [0x00000000e0000000,0x00000000e2e00000,0x00000000e2e00000)
  from space 3584K, 99% used [0x00000000e3180000,0x00000000e34f8020,0x00000000e3500000)
  to   space 3584K, 0% used [0x00000000e2e00000,0x00000000e2e00000,0x00000000e3180000)
 ParOldGen       total 61440K, used 3557K [0x00000000a0000000, 0x00000000a3c00000, 0x00000000e0000000)
  object space 61440K, 5% used [0x00000000a0000000,0x00000000a03795d8,0x00000000a3c00000)
 Metaspace       used 16808K, capacity 17204K, committed 17536K, reserved 1064960K
  class space    used 2422K, capacity 2574K, committed 2688K, reserved 1048576K
Event: 28.389 GC heap after
Heap after GC invocations=5 (full 0):
 PSYoungGen      total 50688K, used 3552K [0x00000000e0000000, 0x00000000e6e00000, 0x0000000100000000)
  eden space 47104K, 0% used [0x00000000e0000000,0x00000000e0000000,0x00000000e2e00000)
  from space 3584K, 99% used [0x00000000e2e00000,0x00000000e3178040,0x00000000e3180000)
  to   space 9216K, 0% used [0x00000000e6500000,0x00000000e6500000,0x00000000e6e00000)
 ParOldGen       total 61440K, used 9013K [0x00000000a0000000, 0x00000000a3c00000, 0x00000000e0000000)
  object space 61440K, 14% used [0x00000000a0000000,0x00000000a08cd728,0x00000000a3c00000)
 Metaspace       used 16808K, capacity 17204K, committed 17536K, reserved 1064960K
  class space    used 2422K, capacity 2574K, committed 2688K, reserved 1048576K
}
Event: 32.002 GC heap before
{Heap before GC invocations=6 (full 0):
 PSYoungGen      total 50688K, used 37359K [0x00000000e0000000, 0x00000000e6e00000, 0x0000000100000000)
  eden space 47104K, 71% used [0x00000000e0000000,0x00000000e2103e18,0x00000000e2e00000)
  from space 3584K, 99% used [0x00000000e2e00000,0x00000000e3178040,0x00000000e3180000)
  to   space 9216K, 0% used [0x00000000e6500000,0x00000000e6500000,0x00000000e6e00000)
 ParOldGen       total 61440K, used 9013K [0x00000000a0000000, 0x00000000a3c00000, 0x00000000e0000000)
  object space 61440K, 14% used [0x00000000a0000000,0x00000000a08cd728,0x00000000a3c00000)
 Metaspace       used 20789K, capacity 21120K, committed 21248K, reserved 1067008K
  class space    used 2916K, capacity 3062K, committed 3072K, reserved 1048576K
Event: 32.054 GC heap after
Heap after GC invocations=6 (full 0):
 PSYoungGen      total 102400K, used 8106K [0x00000000e0000000, 0x00000000e7000000, 0x0000000100000000)
  eden space 93184K, 0% used [0x00000000e0000000,0x00000000e0000000,0x00000000e5b00000)
  from space 9216K, 87% used [0x00000000e6500000,0x00000000e6cea848,0x00000000e6e00000)
  to   space 10240K, 0% used [0x00000000e5b00000,0x00000000e5b00000,0x00000000e6500000)
 ParOldGen       total 61440K, used 9021K [0x00000000a0000000, 0x00000000a3c00000, 0x00000000e0000000)
  object space 61440K, 14% used [0x00000000a0000000,0x00000000a08cf728,0x00000000a3c00000)
 Metaspace       used 20789K, capacity 21120K, committed 21248K, reserved 1067008K
  class space    used 2916K, capacity 3062K, committed 3072K, reserved 1048576K
}
Event: 32.054 GC heap before
{Heap before GC invocations=7 (full 1):
 PSYoungGen      total 102400K, used 8106K [0x00000000e0000000, 0x00000000e7000000, 0x0000000100000000)
  eden space 93184K, 0% used [0x00000000e0000000,0x00000000e0000000,0x00000000e5b00000)
  from space 9216K, 87% used [0x00000000e6500000,0x00000000e6cea848,0x00000000e6e00000)
  to   space 10240K, 0% used [0x00000000e5b00000,0x00000000e5b00000,0x00000000e6500000)
 ParOldGen       total 61440K, used 9021K [0x00000000a0000000, 0x00000000a3c00000, 0x00000000e0000000)
  object space 61440K, 14% used [0x00000000a0000000,0x00000000a08cf728,0x00000000a3c00000)
 Metaspace       used 20789K, capacity 21120K, committed 21248K, reserved 1067008K
  class space    used 2916K, capacity 3062K, committed 3072K, reserved 1048576K

