# JRE version: OpenJDK Runtime Environment (8.0_202-b03) (build 1.8.0_202-release-1483-b03)
# Java VM: OpenJDK 64-Bit Server VM (25.202-b03 mixed mode windows-amd64 compressed oops)
Heap:
 PSYoungGen      total 409088K, used 159784K [0x00000000e0000000, 0x00000000fba80000, 0x0000000100000000)
  eden space 382464K, 41% used [0x00000000e0000000,0x00000000e9c0a288,0x00000000f7580000)
  from space 26624K, 0% used [0x00000000fa080000,0x00000000fa080000,0x00000000fba80000)
  to   space 35328K, 0% used [0x00000000f7580000,0x00000000f7580000,0x00000000f9800000)
 ParOldGen       total 136192K, used 59611K [0x00000000a0000000, 0x00000000a8500000, 0x00000000e0000000)
  object space 136192K, 43% used [0x00000000a0000000,0x00000000a3a36f48,0x00000000a8500000)
 Metaspace       used 73390K, capacity 75466K, committed 75736K, reserved 1116160K
  class space    used 9410K, capacity 9939K, committed 9984K, reserved 1048576K
GC Heap History (10 events):
Event: 257.059 GC heap before
{Heap before GC invocations=14 (full 3):
 PSYoungGen      total 194560K, used 16884K [0x00000000e0000000, 0x00000000f3200000, 0x0000000100000000)
  eden space 177664K, 0% used [0x00000000e0000000,0x00000000e0000000,0x00000000ead80000)
  from space 16896K, 99% used [0x00000000ead80000,0x00000000ebdfd348,0x00000000ebe00000)
  to   space 22528K, 0% used [0x00000000f1c00000,0x00000000f1c00000,0x00000000f3200000)
 ParOldGen       total 67072K, used 27462K [0x00000000a0000000, 0x00000000a4180000, 0x00000000e0000000)
  object space 67072K, 40% used [0x00000000a0000000,0x00000000a1ad1b58,0x00000000a4180000)
 Metaspace       used 57483K, capacity 58958K, committed 59028K, reserved 1099776K
  class space    used 7751K, capacity 8163K, committed 8192K, reserved 1048576K
Event: 258.874 GC heap after
Heap after GC invocations=14 (full 3):
 PSYoungGen      total 194560K, used 0K [0x00000000e0000000, 0x00000000f3200000, 0x0000000100000000)
  eden space 177664K, 0% used [0x00000000e0000000,0x00000000e0000000,0x00000000ead80000)
  from space 16896K, 0% used [0x00000000ead80000,0x00000000ead80000,0x00000000ebe00000)
  to   space 22528K, 0% used [0x00000000f1c00000,0x00000000f1c00000,0x00000000f3200000)
 ParOldGen       total 96256K, used 40237K [0x00000000a0000000, 0x00000000a5e00000, 0x00000000e0000000)
  object space 96256K, 41% used [0x00000000a0000000,0x00000000a274b7d0,0x00000000a5e00000)
 Metaspace       used 57483K, capacity 58958K, committed 59028K, reserved 1099776K
  class space    used 7751K, capacity 8163K, committed 8192K, reserved 1048576K
}
Event: 5063.666 GC heap before
{Heap before GC invocations=15 (full 3):
 PSYoungGen      total 194560K, used 177664K [0x00000000e0000000, 0x00000000f3200000, 0x0000000100000000)
  eden space 177664K, 100% used [0x00000000e0000000,0x00000000ead80000,0x00000000ead80000)
  from space 16896K, 0% used [0x00000000ead80000,0x00000000ead80000,0x00000000ebe00000)
  to   space 22528K, 0% used [0x00000000f1c00000,0x00000000f1c00000,0x00000000f3200000)
 ParOldGen       total 96256K, used 40237K [0x00000000a0000000, 0x00000000a5e00000, 0x00000000e0000000)
  object space 96256K, 41% used [0x00000000a0000000,0x00000000a274b7d0,0x00000000a5e00000)
 Metaspace       used 62625K, capacity 64336K, committed 64472K, reserved 1105920K
  class space    used 8179K, capacity 8586K, committed 8704K, reserved 1048576K
Event: 5063.846 GC heap after
Heap after GC invocations=15 (full 3):
 PSYoungGen      total 283648K, used 10873K [0x00000000e0000000, 0x00000000f2d80000, 0x0000000100000000)
  eden space 265728K, 0% used [0x00000000e0000000,0x00000000e0000000,0x00000000f0380000)
  from space 17920K, 60% used [0x00000000f1c00000,0x00000000f269e668,0x00000000f2d80000)
  to   space 21504K, 0% used [0x00000000f0380000,0x00000000f0380000,0x00000000f1880000)
 ParOldGen       total 96256K, used 40237K [0x00000000a0000000, 0x00000000a5e00000, 0x00000000e0000000)
  object space 96256K, 41% used [0x00000000a0000000,0x00000000a274b7d0,0x00000000a5e00000)
 Metaspace       used 62625K, capacity 64336K, committed 64472K, reserved 1105920K
  class space    used 8179K, capacity 8586K, committed 8704K, reserved 1048576K
}
Event: 5113.488 GC heap before
{Heap before GC invocations=16 (full 3):
 PSYoungGen      total 283648K, used 276601K [0x00000000e0000000, 0x00000000f2d80000, 0x0000000100000000)
  eden space 265728K, 100% used [0x00000000e0000000,0x00000000f0380000,0x00000000f0380000)
  from space 17920K, 60% used [0x00000000f1c00000,0x00000000f269e668,0x00000000f2d80000)
  to   space 21504K, 0% used [0x00000000f0380000,0x00000000f0380000,0x00000000f1880000)
 ParOldGen       total 96256K, used 40237K [0x00000000a0000000, 0x00000000a5e00000, 0x00000000e0000000)
  object space 96256K, 41% used [0x00000000a0000000,0x00000000a274b7d0,0x00000000a5e00000)
 Metaspace       used 66053K, capacity 67990K, committed 68184K, reserved 1107968K
  class space    used 8590K, capacity 9073K, committed 9088K, reserved 1048576K
Event: 5113.891 GC heap after
Heap after GC invocations=16 (full 3):
 PSYoungGen      total 287232K, used 21484K [0x00000000e0000000, 0x00000000fc380000, 0x0000000100000000)
  eden space 265728K, 0% used [0x00000000e0000000,0x00000000e0000000,0x00000000f0380000)
  from space 21504K, 99% used [0x00000000f0380000,0x00000000f187b240,0x00000000f1880000)
  to   space 35840K, 0% used [0x00000000fa080000,0x00000000fa080000,0x00000000fc380000)
 ParOldGen       total 96256K, used 70092K [0x00000000a0000000, 0x00000000a5e00000, 0x00000000e0000000)
  object space 96256K, 72% used [0x00000000a0000000,0x00000000a4473330,0x00000000a5e00000)
 Metaspace       used 66053K, capacity 67990K, committed 68184K, reserved 1107968K
  class space    used 8590K, capacity 9073K, committed 9088K, reserved 1048576K
}
Event: 5247.767 GC heap before
{Heap before GC invocations=17 (full 3):
 PSYoungGen      total 287232K, used 287212K [0x00000000e0000000, 0x00000000fc380000, 0x0000000100000000)
  eden space 265728K, 100% used [0x00000000e0000000,0x00000000f0380000,0x00000000f0380000)
  from space 21504K, 99% used [0x00000000f0380000,0x00000000f187b240,0x00000000f1880000)
  to   space 35840K, 0% used [0x00000000fa080000,0x00000000fa080000,0x00000000fc380000)
 ParOldGen       total 96256K, used 70092K [0x00000000a0000000, 0x00000000a5e00000, 0x00000000e0000000)
  object space 96256K, 72% used [0x00000000a0000000,0x00000000a4473330,0x00000000a5e00000)
 Metaspace       used 71574K, capacity 73702K, committed 73816K, reserved 1114112K
  class space    used 9271K, capacity 9781K, committed 9856K, reserved 1048576K
Event: 5248.160 GC heap after
Heap after GC invocations=17 (full 3):
 PSYoungGen      total 409088K, used 19404K [0x00000000e0000000, 0x00000000fba80000, 0x0000000100000000)
  eden space 382464K, 0% used [0x00000000e0000000,0x00000000e0000000,0x00000000f7580000)
  from space 26624K, 72% used [0x00000000fa080000,0x00000000fb373340,0x00000000fba80000)
  to   space 35328K, 0% used [0x00000000f7580000,0x00000000f7580000,0x00000000f9800000)
 ParOldGen       total 96256K, used 88995K [0x00000000a0000000, 0x00000000a5e00000, 0x00000000e0000000)
  object space 96256K, 92% used [0x00000000a0000000,0x00000000a56e8e48,0x00000000a5e00000)
 Metaspace       used 71574K, capacity 73702K, committed 73816K, reserved 1114112K
  class space    used 9271K, capacity 9781K, committed 9856K, reserved 1048576K
}
Event: 5248.160 GC heap before
{Heap before GC invocations=18 (full 4):
 PSYoungGen      total 409088K, used 19404K [0x00000000e0000000, 0x00000000fba80000, 0x0000000100000000)
  eden space 382464K, 0% used [0x00000000e0000000,0x00000000e0000000,0x00000000f7580000)
  from space 26624K, 72% used [0x00000000fa080000,0x00000000fb373340,0x00000000fba80000)
  to   space 35328K, 0% used [0x00000000f7580000,0x00000000f7580000,0x00000000f9800000)
 ParOldGen       total 96256K, used 88995K [0x00000000a0000000, 0x00000000a5e00000, 0x00000000e0000000)
  object space 96256K, 92% used [0x00000000a0000000,0x00000000a56e8e48,0x00000000a5e00000)
 Metaspace       used 71574K, capacity 73702K, committed 73816K, reserved 1114112K
  class space    used 9271K, capacity 9781K, committed 9856K, reserved 1048576K
Event: 5249.719 GC heap after
Heap after GC invocations=18 (full 4):
 PSYoungGen      total 409088K, used 0K [0x00000000e0000000, 0x00000000fba80000, 0x0000000100000000)
  eden space 382464K, 0% used [0x00000000e0000000,0x00000000e0000000,0x00000000f7580000)
  from space 26624K, 0% used [0x00000000fa080000,0x00000000fa080000,0x00000000fba80000)
  to   space 35328K, 0% used [0x00000000f7580000,0x00000000f7580000,0x00000000f9800000)
 ParOldGen       total 136192K, used 59611K [0x00000000a0000000, 0x00000000a8500000, 0x00000000e0000000)
  object space 136192K, 43% used [0x00000000a0000000,0x00000000a3a36f48,0x00000000a8500000)
 Metaspace       used 71425K, capacity 73448K, committed 73816K, reserved 1114112K
  class space    used 9241K, capacity 9724K, committed 9856K, reserved 1048576K
}

