# JRE version: OpenJDK Runtime Environment (8.0_202-b03) (build 1.8.0_202-release-1483-b03)
# Java VM: OpenJDK 64-Bit Server VM (25.202-b03 mixed mode windows-amd64 compressed oops)
Heap:
 PSYoungGen      total 479232K, used 164637K [0x00000000e0000000, 0x0000000100000000, 0x0000000100000000)
  eden space 434176K, 34% used [0x00000000e0000000,0x00000000e93132e8,0x00000000fa800000)
  from space 45056K, 31% used [0x00000000fa800000,0x00000000fb5b4390,0x00000000fd400000)
  to   space 43008K, 0% used [0x00000000fd600000,0x00000000fd600000,0x0000000100000000)
 ParOldGen       total 166400K, used 115818K [0x00000000a0000000, 0x00000000aa280000, 0x00000000e0000000)
  object space 166400K, 69% used [0x00000000a0000000,0x00000000a711a880,0x00000000aa280000)
 Metaspace       used 95862K, capacity 99942K, committed 100312K, reserved 1136640K
  class space    used 12141K, capacity 12945K, committed 13056K, reserved 1048576K
GC Heap History (10 events):
Event: 10179.625 GC heap before
{Heap before GC invocations=22 (full 4):
 PSYoungGen      total 484864K, used 465919K [0x00000000e0000000, 0x00000000ffb80000, 0x0000000100000000)
  eden space 452096K, 100% used [0x00000000e0000000,0x00000000fb980000,0x00000000fb980000)
  from space 32768K, 42% used [0x00000000fb980000,0x00000000fc6ffda8,0x00000000fd980000)
  to   space 31232K, 0% used [0x00000000fdd00000,0x00000000fdd00000,0x00000000ffb80000)
 ParOldGen       total 118784K, used 94788K [0x00000000a0000000, 0x00000000a7400000, 0x00000000e0000000)
  object space 118784K, 79% used [0x00000000a0000000,0x00000000a5c91020,0x00000000a7400000)
 Metaspace       used 92443K, capacity 96330K, committed 96472K, reserved 1132544K
  class space    used 11879K, capacity 12701K, committed 12800K, reserved 1048576K
Event: 10180.960 GC heap after
Heap after GC invocations=22 (full 4):
 PSYoungGen      total 488448K, used 3762K [0x00000000e0000000, 0x00000000ffe80000, 0x0000000100000000)
  eden space 457216K, 0% used [0x00000000e0000000,0x00000000e0000000,0x00000000fbe80000)
  from space 31232K, 12% used [0x00000000fdd00000,0x00000000fe0ac900,0x00000000ffb80000)
  to   space 31232K, 0% used [0x00000000fbe80000,0x00000000fbe80000,0x00000000fdd00000)
 ParOldGen       total 118784K, used 95533K [0x00000000a0000000, 0x00000000a7400000, 0x00000000e0000000)
  object space 118784K, 80% used [0x00000000a0000000,0x00000000a5d4b780,0x00000000a7400000)
 Metaspace       used 92443K, capacity 96330K, committed 96472K, reserved 1132544K
  class space    used 11879K, capacity 12701K, committed 12800K, reserved 1048576K
}
Event: 10291.110 GC heap before
{Heap before GC invocations=23 (full 4):
 PSYoungGen      total 488448K, used 460978K [0x00000000e0000000, 0x00000000ffe80000, 0x0000000100000000)
  eden space 457216K, 100% used [0x00000000e0000000,0x00000000fbe80000,0x00000000fbe80000)
  from space 31232K, 12% used [0x00000000fdd00000,0x00000000fe0ac900,0x00000000ffb80000)
  to   space 31232K, 0% used [0x00000000fbe80000,0x00000000fbe80000,0x00000000fdd00000)
 ParOldGen       total 118784K, used 95533K [0x00000000a0000000, 0x00000000a7400000, 0x00000000e0000000)
  object space 118784K, 80% used [0x00000000a0000000,0x00000000a5d4b780,0x00000000a7400000)
 Metaspace       used 95159K, capacity 99164K, committed 99288K, reserved 1136640K
  class space    used 12160K, capacity 12988K, committed 13056K, reserved 1048576K
Event: 10294.727 GC heap after
Heap after GC invocations=23 (full 4):
 PSYoungGen      total 488448K, used 31211K [0x00000000e0000000, 0x0000000100000000, 0x0000000100000000)
  eden space 457216K, 0% used [0x00000000e0000000,0x00000000e0000000,0x00000000fbe80000)
  from space 31232K, 99% used [0x00000000fbe80000,0x00000000fdcfac80,0x00000000fdd00000)
  to   space 35840K, 0% used [0x00000000fdd00000,0x00000000fdd00000,0x0000000100000000)
 ParOldGen       total 120320K, used 119834K [0x00000000a0000000, 0x00000000a7580000, 0x00000000e0000000)
  object space 120320K, 99% used [0x00000000a0000000,0x00000000a7506b38,0x00000000a7580000)
 Metaspace       used 95159K, capacity 99164K, committed 99288K, reserved 1136640K
  class space    used 12160K, capacity 12988K, committed 13056K, reserved 1048576K
}
Event: 10294.774 GC heap before
{Heap before GC invocations=24 (full 5):
 PSYoungGen      total 488448K, used 31211K [0x00000000e0000000, 0x0000000100000000, 0x0000000100000000)
  eden space 457216K, 0% used [0x00000000e0000000,0x00000000e0000000,0x00000000fbe80000)
  from space 31232K, 99% used [0x00000000fbe80000,0x00000000fdcfac80,0x00000000fdd00000)
  to   space 35840K, 0% used [0x00000000fdd00000,0x00000000fdd00000,0x0000000100000000)
 ParOldGen       total 120320K, used 119834K [0x00000000a0000000, 0x00000000a7580000, 0x00000000e0000000)
  object space 120320K, 99% used [0x00000000a0000000,0x00000000a7506b38,0x00000000a7580000)
 Metaspace       used 95159K, capacity 99164K, committed 99288K, reserved 1136640K
  class space    used 12160K, capacity 12988K, committed 13056K, reserved 1048576K
Event: 10431.326 GC heap after
Heap after GC invocations=24 (full 5):
 PSYoungGen      total 488448K, used 0K [0x00000000e0000000, 0x0000000100000000, 0x0000000100000000)
  eden space 457216K, 0% used [0x00000000e0000000,0x00000000e0000000,0x00000000fbe80000)
  from space 31232K, 0% used [0x00000000fbe80000,0x00000000fbe80000,0x00000000fdd00000)
  to   space 35840K, 0% used [0x00000000fdd00000,0x00000000fdd00000,0x0000000100000000)
 ParOldGen       total 166400K, used 112475K [0x00000000a0000000, 0x00000000aa280000, 0x00000000e0000000)
  object space 166400K, 67% used [0x00000000a0000000,0x00000000a6dd6fd0,0x00000000aa280000)
 Metaspace       used 94384K, capacity 97852K, committed 99288K, reserved 1136640K
  class space    used 12019K, capacity 12735K, committed 13056K, reserved 1048576K
}
Event: 11057.868 GC heap before
{Heap before GC invocations=25 (full 5):
 PSYoungGen      total 488448K, used 457216K [0x00000000e0000000, 0x0000000100000000, 0x0000000100000000)
  eden space 457216K, 100% used [0x00000000e0000000,0x00000000fbe80000,0x00000000fbe80000)
  from space 31232K, 0% used [0x00000000fbe80000,0x00000000fbe80000,0x00000000fdd00000)
  to   space 35840K, 0% used [0x00000000fdd00000,0x00000000fdd00000,0x0000000100000000)
 ParOldGen       total 166400K, used 112475K [0x00000000a0000000, 0x00000000aa280000, 0x00000000e0000000)
  object space 166400K, 67% used [0x00000000a0000000,0x00000000a6dd6fd0,0x00000000aa280000)
 Metaspace       used 94976K, capacity 98568K, committed 99800K, reserved 1136640K
  class space    used 12045K, capacity 12779K, committed 13056K, reserved 1048576K
Event: 11059.500 GC heap after
Heap after GC invocations=25 (full 5):
 PSYoungGen      total 470016K, used 24819K [0x00000000e0000000, 0x0000000100000000, 0x0000000100000000)
  eden space 434176K, 0% used [0x00000000e0000000,0x00000000e0000000,0x00000000fa800000)
  from space 35840K, 69% used [0x00000000fdd00000,0x00000000ff53cda0,0x0000000100000000)
  to   space 45056K, 0% used [0x00000000fa800000,0x00000000fa800000,0x00000000fd400000)
 ParOldGen       total 166400K, used 112483K [0x00000000a0000000, 0x00000000aa280000, 0x00000000e0000000)
  object space 166400K, 67% used [0x00000000a0000000,0x00000000a6dd8fd0,0x00000000aa280000)
 Metaspace       used 94976K, capacity 98568K, committed 99800K, reserved 1136640K
  class space    used 12045K, capacity 12779K, committed 13056K, reserved 1048576K
}
Event: 11345.829 GC heap before
{Heap before GC invocations=26 (full 5):
 PSYoungGen      total 470016K, used 458995K [0x00000000e0000000, 0x0000000100000000, 0x0000000100000000)
  eden space 434176K, 100% used [0x00000000e0000000,0x00000000fa800000,0x00000000fa800000)
  from space 35840K, 69% used [0x00000000fdd00000,0x00000000ff53cda0,0x0000000100000000)
  to   space 45056K, 0% used [0x00000000fa800000,0x00000000fa800000,0x00000000fd400000)
 ParOldGen       total 166400K, used 112483K [0x00000000a0000000, 0x00000000aa280000, 0x00000000e0000000)
  object space 166400K, 67% used [0x00000000a0000000,0x00000000a6dd8fd0,0x00000000aa280000)
 Metaspace       used 95770K, capacity 99778K, committed 100312K, reserved 1136640K
  class space    used 12138K, capacity 12939K, committed 13056K, reserved 1048576K
Event: 11346.702 GC heap after
Heap after GC invocations=26 (full 5):
 PSYoungGen      total 479232K, used 14032K [0x00000000e0000000, 0x0000000100000000, 0x0000000100000000)
  eden space 434176K, 0% used [0x00000000e0000000,0x00000000e0000000,0x00000000fa800000)
  from space 45056K, 31% used [0x00000000fa800000,0x00000000fb5b4390,0x00000000fd400000)
  to   space 43008K, 0% used [0x00000000fd600000,0x00000000fd600000,0x0000000100000000)
 ParOldGen       total 166400K, used 115818K [0x00000000a0000000, 0x00000000aa280000, 0x00000000e0000000)
  object space 166400K, 69% used [0x00000000a0000000,0x00000000a711a880,0x00000000aa280000)
 Metaspace       used 95770K, capacity 99778K, committed 100312K, reserved 1136640K
  class space    used 12138K, capacity 12939K, committed 13056K, reserved 1048576K
}

